<?xml version="1.0" encoding="UTF-8"?>
<robot generator="Robot 7.1 (Python 3.12.6 on darwin)" generated="2024-09-19T19:37:43.774325" rpa="false" schemaversion="5">
<suite id="s1" name="Login" source="/Users/vianneeliseo/PycharmProjects/saucedemo-robot/Tests/login.robot">
<test id="s1-t1" name="The user must be login with valid credentials" line="28">
<kw name="Open Browser" owner="SeleniumLibrary">
<msg time="2024-09-19T19:37:44.012182" level="INFO">Opening browser 'Chrome' to base url 'https://www.saucedemo.com'.</msg>
<arg>${LOGIN URL}</arg>
<arg>${BROWSER}</arg>
<doc>Opens a new browser instance to the optional ``url``.</doc>
<status status="PASS" start="2024-09-19T19:37:44.011890" elapsed="2.116591"/>
</kw>
<kw name="Input Text" owner="SeleniumLibrary">
<msg time="2024-09-19T19:37:46.129612" level="INFO">Typing text 'standard_user' into text field '//*[@id='user-name']'.</msg>
<arg>${USERNAME_FLD}</arg>
<arg>standard_user</arg>
<doc>Types the given ``text`` into the text field identified by ``locator``.</doc>
<status status="PASS" start="2024-09-19T19:37:46.129048" elapsed="0.105294"/>
</kw>
<kw name="Input Text" owner="SeleniumLibrary">
<msg time="2024-09-19T19:37:46.234860" level="INFO">Typing text 'secret_sauce' into text field '//*[@id='password']'.</msg>
<arg>${PASSWORD_FLD}</arg>
<arg>secret_sauce</arg>
<doc>Types the given ``text`` into the text field identified by ``locator``.</doc>
<status status="PASS" start="2024-09-19T19:37:46.234587" elapsed="0.062846"/>
</kw>
<kw name="Click Element" owner="SeleniumLibrary">
<msg time="2024-09-19T19:37:46.298150" level="INFO">Clicking element '//*[@id='login-button']'.</msg>
<arg>${CLICK_BTN}</arg>
<doc>Click the element identified by ``locator``.</doc>
<status status="PASS" start="2024-09-19T19:37:46.297810" elapsed="0.074617"/>
</kw>
<status status="PASS" start="2024-09-19T19:37:44.010851" elapsed="2.365519"/>
</test>
<test id="s1-t2" name="The list of available products with correct details and elements should display" line="34">
<kw name="Element Should Be Visible" owner="SeleniumLibrary">
<msg time="2024-09-19T19:37:46.397710" level="INFO">Element '//*[@id='react-burger-menu-btn']' is displayed.</msg>
<arg>${KEBAB_OPTION}</arg>
<doc>Verifies that the element identified by ``locator`` is visible.</doc>
<status status="PASS" start="2024-09-19T19:37:46.377527" elapsed="0.020270"/>
</kw>
<kw name="Element Text Should Be" owner="SeleniumLibrary">
<msg time="2024-09-19T19:37:46.398317" level="INFO">Verifying element '//*[@id="header_container"]/div[1]/div[2]/div' contains exact text 'Swag Labs'.</msg>
<arg>${PAGE_TITLE}</arg>
<arg>Swag Labs</arg>
<doc>Verifies that element ``locator`` contains exact the text ``expected``.</doc>
<status status="PASS" start="2024-09-19T19:37:46.398024" elapsed="0.020683"/>
</kw>
<kw name="Element Should Be Visible" owner="SeleniumLibrary">
<msg time="2024-09-19T19:37:46.433604" level="INFO">Element '//*[@id="shopping_cart_container"]' is displayed.</msg>
<arg>${SHOPPING_CART_ICON}</arg>
<doc>Verifies that the element identified by ``locator`` is visible.</doc>
<status status="PASS" start="2024-09-19T19:37:46.418936" elapsed="0.014754"/>
</kw>
<kw name="Element Text Should Be" owner="SeleniumLibrary">
<msg time="2024-09-19T19:37:46.434189" level="INFO">Verifying element '//*[@id="header_container"]/div[2]/span' contains exact text 'Products'.</msg>
<arg>${PRODUCT_LABEL}</arg>
<arg>Products</arg>
<doc>Verifies that element ``locator`` contains exact the text ``expected``.</doc>
<status status="PASS" start="2024-09-19T19:37:46.433908" elapsed="0.013715"/>
</kw>
<kw name="Element Should Be Visible" owner="SeleniumLibrary">
<msg time="2024-09-19T19:37:46.460044" level="INFO">Element '//*[@id="header_container"]/div[2]/div/span/select' is displayed.</msg>
<arg>${SORT_DROPDOWN}</arg>
<doc>Verifies that the element identified by ``locator`` is visible.</doc>
<status status="PASS" start="2024-09-19T19:37:46.447859" elapsed="0.012270"/>
</kw>
<kw name="Element Should Be Visible" owner="SeleniumLibrary">
<msg time="2024-09-19T19:37:46.472795" level="INFO">Element '//*[@id="inventory_container"]' is displayed.</msg>
<arg>${INVENTORY_CONTAINER}</arg>
<doc>Verifies that the element identified by ``locator`` is visible.</doc>
<status status="PASS" start="2024-09-19T19:37:46.460333" elapsed="0.012547"/>
</kw>
<kw name="Element Should Be Visible" owner="SeleniumLibrary">
<msg time="2024-09-19T19:37:46.486045" level="INFO">Element '//*[@id="page_wrapper"]/footer/ul/li[1]/a' is displayed.</msg>
<arg>${TWITTER_ICON}</arg>
<doc>Verifies that the element identified by ``locator`` is visible.</doc>
<status status="PASS" start="2024-09-19T19:37:46.473084" elapsed="0.013049"/>
</kw>
<kw name="Element Should Be Visible" owner="SeleniumLibrary">
<msg time="2024-09-19T19:37:46.499969" level="INFO">Element '//*[@id="page_wrapper"]/footer/ul/li[2]/a' is displayed.</msg>
<arg>${FB_ICON}</arg>
<doc>Verifies that the element identified by ``locator`` is visible.</doc>
<status status="PASS" start="2024-09-19T19:37:46.486342" elapsed="0.013717"/>
</kw>
<kw name="Element Should Be Visible" owner="SeleniumLibrary">
<msg time="2024-09-19T19:37:46.512857" level="INFO">Element '//*[@id="page_wrapper"]/footer/ul/li[3]/a' is displayed.</msg>
<arg>${LINKEDIN_ICON}</arg>
<doc>Verifies that the element identified by ``locator`` is visible.</doc>
<status status="PASS" start="2024-09-19T19:37:46.500269" elapsed="0.012674"/>
</kw>
<kw name="Element Text Should Be" owner="SeleniumLibrary">
<msg time="2024-09-19T19:37:46.513453" level="INFO">Verifying element '//*[@id="page_wrapper"]/footer/div' contains exact text '© 2024 Sauce Labs. All Rights Reserved. Terms of Service | Privacy Policy'.</msg>
<arg>${FOOTER_TEXT}</arg>
<arg>© 2024 Sauce Labs. All Rights Reserved. Terms of Service | Privacy Policy</arg>
<doc>Verifies that element ``locator`` contains exact the text ``expected``.</doc>
<status status="PASS" start="2024-09-19T19:37:46.513201" elapsed="0.014139"/>
</kw>
<kw name="${json}= | Get file | product.json">
<msg time="2024-09-19T19:37:46.530611" level="FAIL">No keyword with name '${json}= | Get file | product.json' found.</msg>
<status status="FAIL" start="2024-09-19T19:37:46.530532" elapsed="0.000148">No keyword with name '${json}= | Get file | product.json' found.</status>
</kw>
<status status="FAIL" start="2024-09-19T19:37:46.376876" elapsed="0.154111">No keyword with name '${json}= | Get file | product.json' found.</status>
</test>
<test id="s1-t3" name="${port}" line="47">
<kw name="| HttpLibrary.HTTP.Get Json Value | ${json} | /port">
<msg time="2024-09-19T19:37:46.534424" level="FAIL">No keyword with name '| HttpLibrary.HTTP.Get Json Value | ${json} | /port' found.</msg>
<status status="FAIL" start="2024-09-19T19:37:46.534359" elapsed="0.000116">No keyword with name '| HttpLibrary.HTTP.Get Json Value | ${json} | /port' found.</status>
</kw>
<status status="FAIL" start="2024-09-19T19:37:46.531726" elapsed="0.002968">No keyword with name '| HttpLibrary.HTTP.Get Json Value | ${json} | /port' found.</status>
</test>
<test id="s1-t4" name="log" line="48">
<kw name="| ${port}">
<msg time="2024-09-19T19:37:46.536846" level="FAIL">No keyword with name '| ${port}' found.</msg>
<status status="FAIL" start="2024-09-19T19:37:46.536778" elapsed="0.000122">No keyword with name '| ${port}' found.</status>
</kw>
<status status="FAIL" start="2024-09-19T19:37:46.534968" elapsed="0.002138">No keyword with name '| ${port}' found.</status>
</test>
<doc>Saucedemo test</doc>
<status status="FAIL" start="2024-09-19T19:37:43.775429" elapsed="2.762120"/>
</suite>
<statistics>
<total>
<stat pass="1" fail="3" skip="0">All Tests</stat>
</total>
<tag>
</tag>
<suite>
<stat pass="1" fail="3" skip="0" id="s1" name="Login">Login</stat>
</suite>
</statistics>
<errors>
</errors>
</robot>
